<?xml version="1.0" encoding="UTF-8"?>
<!-- Generated by org.testng.reporters.JUnitXMLReporter -->
<testsuite ignored="0" hostname="Auchies" failures="1" tests="1" name="Test" time="8.035" errors="0" timestamp="2024-02-02T12:26:21 GMT">
  <testcase classname="testCases.TC_PC_001_Compare_MacbookTest" name="MacbookTest" time="0.853">
    <failure type="java.lang.AssertionError" message="expected [MacBook1] but found [MacBook]">
      <![CDATA[java.lang.AssertionError: expected [MacBook1] but found [MacBook]
at pageObject.SearchMacbookPage.verifyMacbookPage(SearchMacbookPage.java:31)
at testCases.TC_PC_001_Compare_MacbookTest.MacbookTest(TC_PC_001_Compare_MacbookTest.java:26)
at java.base/java.util.ArrayList.forEach(ArrayList.java:1511)
... Removed 31 stack frames]]>
    </failure>
  </testcase> <!-- MacbookTest -->
</testsuite> <!-- Test -->
