<?xml version="1.0" encoding="UTF-8"?>
<!-- Generated by org.testng.reporters.JUnitXMLReporter -->
<testsuite ignored="0" hostname="Auchies" failures="0" tests="7" name="Test" time="55.34" errors="0" timestamp="2024-01-30T13:19:51 GMT">
  <testcase classname="testCases.TC_001_AccountRegistrationTest" name="test_account_Registration" time="1.633"/>
  <testcase classname="testCases.TC_002_LoginTest" name="test_login" time="1.257"/>
  <testcase classname="testCases.TC_003_LoginDataDrivenTest" name="test_loginDDT" time="10.686"/>
  <testcase classname="testCases.TC_003_LoginDataDrivenTest" name="test_loginDDT" time="10.449"/>
  <testcase classname="testCases.TC_003_LoginDataDrivenTest" name="test_loginDDT" time="10.485"/>
  <testcase classname="testCases.TC_003_LoginDataDrivenTest" name="test_loginDDT" time="10.42"/>
  <testcase classname="testCases.TC_003_LoginDataDrivenTest" name="test_loginDDT" time="0.972"/>
</testsuite> <!-- Test -->
