<?xml version="1.0" encoding="UTF-8"?>
<!-- Generated by org.testng.reporters.JUnitXMLReporter -->
<testsuite ignored="0" hostname="Auchies" failures="0" tests="7" name="Test" time="66.241" errors="0" timestamp="2024-02-05T11:36:32 GMT">
  <testcase classname="testCases.TC_001_AccountRegistrationTest" name="test_account_Registration" time="1.495"/>
  <testcase classname="testCases.TC_002_LoginTest" name="test_login" time="2.075"/>
  <testcase classname="testCases.TC_003_LoginDataDrivenTest" name="test_loginDDT" time="10.673"/>
  <testcase classname="testCases.TC_003_LoginDataDrivenTest" name="test_loginDDT" time="10.423"/>
  <testcase classname="testCases.TC_003_LoginDataDrivenTest" name="test_loginDDT" time="10.445"/>
  <testcase classname="testCases.TC_003_LoginDataDrivenTest" name="test_loginDDT" time="10.468"/>
  <testcase classname="testCases.TC_003_LoginDataDrivenTest" name="test_loginDDT" time="0.937"/>
</testsuite> <!-- Test -->
