<?xml version="1.0" encoding="UTF-8"?>
<testng-results ignored="0" total="1" passed="1" failed="0" skipped="0">
  <reporter-output>
  </reporter-output>
  <suite started-at="2024-02-05T14:21:05 GMT" name="Suite" finished-at="2024-02-05T14:21:16 GMT" duration-ms="10931">
    <groups>
    </groups>
    <test started-at="2024-02-05T14:21:05 GMT" name="Test" finished-at="2024-02-05T14:21:16 GMT" duration-ms="10931">
      <class name="testCases.TC_PC_001_Compare_MacbookTest">
        <test-method is-config="true" signature="setup(java.lang.String)[pri:0, instance:testCases.TC_PC_001_Compare_MacbookTest@5b7a5baa]" started-at="2024-02-05T14:21:05 GMT" name="setup" finished-at="2024-02-05T14:21:09 GMT" duration-ms="4452" status="PASS">
          <params>
            <param index="0">
              <value>
                <![CDATA[Chrome]]>
              </value>
            </param>
          </params>
          <reporter-output>
          </reporter-output>
        </test-method> <!-- setup -->
        <test-method signature="MacbookTest()[pri:0, instance:testCases.TC_PC_001_Compare_MacbookTest@5b7a5baa]" started-at="2024-02-05T14:21:09 GMT" name="MacbookTest" finished-at="2024-02-05T14:21:11 GMT" duration-ms="1985" status="PASS">
          <reporter-output>
          </reporter-output>
        </test-method> <!-- MacbookTest -->
        <test-method is-config="true" signature="tearDown()[pri:0, instance:testCases.TC_PC_001_Compare_MacbookTest@5b7a5baa]" started-at="2024-02-05T14:21:11 GMT" name="tearDown" finished-at="2024-02-05T14:21:15 GMT" duration-ms="4214" status="PASS">
          <reporter-output>
          </reporter-output>
        </test-method> <!-- tearDown -->
      </class> <!-- testCases.TC_PC_001_Compare_MacbookTest -->
    </test> <!-- Test -->
  </suite> <!-- Suite -->
</testng-results>
